!============ Services ============
yandex.ru
ya.ru
yandex.net
yandex.com
yandex.ua
yandex.kz
yandex.by
yandex.uz
yandexcloud.net
yandexapi.net
!============ Multimedia ===========
music.yandex.ru
music.yandex.net
storage.mds.yandex.net
avatars.mds.yandex.net
yandex.st
!============ Navigation ===========
api-maps.yandex.ru
maps.yandex.ru
sat01.maps.yandex.net
sat02.maps.yandex.net
core-renderer-tiles.maps.yandex.ru
mobile-maps-common.s3.yandex.net
!============ Internetometr ========
cloudcdn-mar-64.cdn.yandex.net
ext-cloudcdn-rurov01rtk-01.cdn.yandex.net
ext-cloudcdn-rurov02rtk-01.cdn.yandex.net
ext-cloudcdn-rustw01rtk-01.cdn.yandex.net
ext-cloudcdn-rustw02rtk-01.cdn.yandex.net
cloudcdn-m9-13.cdn.yandex.net
cloudcdn-std-13.cdn.yandex.net
